{"name": "Verify login with existing email and password", "status": "failed", "statusDetails": {"message": "AssertionError: FAILED SUB-STEP: And User clicks Sign In Button\nSubstep info: ABORTED: By user (KeyboardInterrupt).\nTraceback (of failed substep):\n  File \"c:\\users\\bisai\\appdata\\local\\programs\\python\\python39\\lib\\site-packages\\behave\\model.py\", line 1329, in run\n    match.run(runner.context)\n  File \"c:\\users\\bisai\\appdata\\local\\programs\\python\\python39\\lib\\site-packages\\behave\\matchers.py\", line 98, in run\n    self.func(context, *args, **kwargs)\n  File \"C:\\Users\\bisai\\OneDrive - Kudelski Group\\Desktop\\Desktop\\Study\\4Selenium with Python(letskodeit)\\WebTestFrameworkBDD\\steps\\loginpagesteps\\loginpagesteps.py\", line 47, in userClickSignIn\n    time.sleep(5)\n\n", "trace": "  File \"c:\\users\\bisai\\appdata\\local\\programs\\python\\python39\\lib\\site-packages\\behave\\model.py\", line 1329, in run\n    match.run(runner.context)\n  File \"c:\\users\\bisai\\appdata\\local\\programs\\python\\python39\\lib\\site-packages\\behave\\matchers.py\", line 98, in run\n    self.func(context, *args, **kwargs)\n  File \"C:\\Users\\bisai\\OneDrive - Kudelski Group\\Desktop\\Desktop\\Study\\4Selenium with Python(letskodeit)\\WebTestFrameworkBDD\\steps\\loginpagesteps\\loginpagesteps.py\", line 76, in userLoginDetails\n    context.execute_steps(u\"\"\"\n  File \"c:\\users\\bisai\\appdata\\local\\programs\\python\\python39\\lib\\site-packages\\behave\\runner.py\", line 404, in execute_steps\n    assert False, message\n"}, "steps": [{"name": "Given User is on HomePage", "status": "passed", "start": 1620451203955, "stop": 1620451203955}, {"name": "When User fill the login details", "status": "failed", "statusDetails": {"message": "AssertionError: FAILED SUB-STEP: And User clicks Sign In Button\nSubstep info: ABORTED: By user (KeyboardInterrupt).\nTraceback (of failed substep):\n  File \"c:\\users\\bisai\\appdata\\local\\programs\\python\\python39\\lib\\site-packages\\behave\\model.py\", line 1329, in run\n    match.run(runner.context)\n  File \"c:\\users\\bisai\\appdata\\local\\programs\\python\\python39\\lib\\site-packages\\behave\\matchers.py\", line 98, in run\n    self.func(context, *args, **kwargs)\n  File \"C:\\Users\\bisai\\OneDrive - Kudelski Group\\Desktop\\Desktop\\Study\\4Selenium with Python(letskodeit)\\WebTestFrameworkBDD\\steps\\loginpagesteps\\loginpagesteps.py\", line 47, in userClickSignIn\n    time.sleep(5)\n\n", "trace": "  File \"c:\\users\\bisai\\appdata\\local\\programs\\python\\python39\\lib\\site-packages\\behave\\model.py\", line 1329, in run\n    match.run(runner.context)\n  File \"c:\\users\\bisai\\appdata\\local\\programs\\python\\python39\\lib\\site-packages\\behave\\matchers.py\", line 98, in run\n    self.func(context, *args, **kwargs)\n  File \"C:\\Users\\bisai\\OneDrive - Kudelski Group\\Desktop\\Desktop\\Study\\4Selenium with Python(letskodeit)\\WebTestFrameworkBDD\\steps\\loginpagesteps\\loginpagesteps.py\", line 76, in userLoginDetails\n    context.execute_steps(u\"\"\"\n  File \"c:\\users\\bisai\\appdata\\local\\programs\\python\\python39\\lib\\site-packages\\behave\\runner.py\", line 404, in execute_steps\n    assert False, message\n"}, "start": 1620451203955, "stop": 1620451210806}, {"name": "Then Client Home Page is displayed", "status": "skipped", "start": 1620451212853, "stop": 1620451212853}], "start": 1620451199195, "stop": 1620451212853, "uuid": "cc0be1c8-71d4-41a1-b0db-aa236d06919f", "historyId": "8430875ead29c9b9ee899b732c846d7b", "fullName": "LoginPage Validation: Verify login with existing email and password", "labels": [{"name": "severity", "value": "normal"}, {"name": "tag", "value": "sanity"}, {"name": "tag", "value": "smoke"}, {"name": "feature", "value": "LoginPage Validation"}, {"name": "framework", "value": "behave"}, {"name": "language", "value": "cpython3"}]}