{
  "uid" : "34b6a0670878940e",
  "name" : "Verify Login with Invalid Credentials -- @1.2 credentials",
  "fullName" : "LoginPage Validation: Verify Login with Invalid Credentials",
  "historyId" : "acc7b0f29e3b6914511e55eaeaf402c7",
  "time" : {
    "start" : 1620451243347,
    "stop" : 1620451265334,
    "duration" : 21987
  },
  "status" : "failed",
  "statusMessage" : "AssertionError\n",
  "statusTrace" : "  File \"c:\\users\\bisai\\appdata\\local\\programs\\python\\python39\\lib\\site-packages\\behave\\model.py\", line 1329, in run\n    match.run(runner.context)\n  File \"c:\\users\\bisai\\appdata\\local\\programs\\python\\python39\\lib\\site-packages\\behave\\matchers.py\", line 98, in run\n    self.func(context, *args, **kwargs)\n  File \"C:\\Users\\bisai\\OneDrive - Kudelski Group\\Desktop\\Desktop\\Study\\4Selenium with Python(letskodeit)\\WebTestFrameworkBDD\\steps\\loginpagesteps\\loginpagesteps.py\", line 68, in userErrorMessage\n    context.ts.mark(\"userErrorMessage\", result, \"Error Message is Displayed\")\n  File \"C:\\Users\\bisai\\OneDrive - Kudelski Group\\Desktop\\Desktop\\Study\\4Selenium with Python(letskodeit)\\WebTestFrameworkBDD\\utilities\\teststatus.py\", line 68, in mark\n    assert True == False\n",
  "flaky" : false,
  "newFailed" : false,
  "beforeStages" : [ ],
  "testStage" : {
    "status" : "failed",
    "statusMessage" : "AssertionError\n",
    "statusTrace" : "  File \"c:\\users\\bisai\\appdata\\local\\programs\\python\\python39\\lib\\site-packages\\behave\\model.py\", line 1329, in run\n    match.run(runner.context)\n  File \"c:\\users\\bisai\\appdata\\local\\programs\\python\\python39\\lib\\site-packages\\behave\\matchers.py\", line 98, in run\n    self.func(context, *args, **kwargs)\n  File \"C:\\Users\\bisai\\OneDrive - Kudelski Group\\Desktop\\Desktop\\Study\\4Selenium with Python(letskodeit)\\WebTestFrameworkBDD\\steps\\loginpagesteps\\loginpagesteps.py\", line 68, in userErrorMessage\n    context.ts.mark(\"userErrorMessage\", result, \"Error Message is Displayed\")\n  File \"C:\\Users\\bisai\\OneDrive - Kudelski Group\\Desktop\\Desktop\\Study\\4Selenium with Python(letskodeit)\\WebTestFrameworkBDD\\utilities\\teststatus.py\", line 68, in mark\n    assert True == False\n",
    "steps" : [ {
      "name" : "Given User is on HomePage",
      "time" : {
        "start" : 1620451248416,
        "stop" : 1620451248416,
        "duration" : 0
      },
      "status" : "passed",
      "steps" : [ ],
      "attachments" : [ ],
      "parameters" : [ ],
      "attachmentsCount" : 0,
      "shouldDisplayMessage" : false,
      "hasContent" : false,
      "stepsCount" : 0
    }, {
      "name" : "When User clicks on the Sign In link",
      "time" : {
        "start" : 1620451248416,
        "stop" : 1620451249580,
        "duration" : 1164
      },
      "status" : "passed",
      "steps" : [ ],
      "attachments" : [ ],
      "parameters" : [ ],
      "attachmentsCount" : 0,
      "shouldDisplayMessage" : false,
      "hasContent" : false,
      "stepsCount" : 0
    }, {
      "name" : "And User enters \"shankubisai5555@gmail.com\" as email",
      "time" : {
        "start" : 1620451249580,
        "stop" : 1620451249689,
        "duration" : 109
      },
      "status" : "passed",
      "steps" : [ ],
      "attachments" : [ ],
      "parameters" : [ ],
      "attachmentsCount" : 0,
      "shouldDisplayMessage" : false,
      "hasContent" : false,
      "stepsCount" : 0
    }, {
      "name" : "And User clicks Next Button",
      "time" : {
        "start" : 1620451249689,
        "stop" : 1620451249742,
        "duration" : 53
      },
      "status" : "passed",
      "steps" : [ ],
      "attachments" : [ ],
      "parameters" : [ ],
      "attachmentsCount" : 0,
      "shouldDisplayMessage" : false,
      "hasContent" : false,
      "stepsCount" : 0
    }, {
      "name" : "And User enters \"shanku12345#\" as password",
      "time" : {
        "start" : 1620451249742,
        "stop" : 1620451256902,
        "duration" : 7160
      },
      "status" : "passed",
      "steps" : [ ],
      "attachments" : [ ],
      "parameters" : [ ],
      "attachmentsCount" : 0,
      "shouldDisplayMessage" : false,
      "hasContent" : false,
      "stepsCount" : 0
    }, {
      "name" : "And User clicks Sign In Button",
      "time" : {
        "start" : 1620451256903,
        "stop" : 1620451264965,
        "duration" : 8062
      },
      "status" : "passed",
      "steps" : [ ],
      "attachments" : [ ],
      "parameters" : [ ],
      "attachmentsCount" : 0,
      "shouldDisplayMessage" : false,
      "hasContent" : false,
      "stepsCount" : 0
    }, {
      "name" : "Then error message \"This account cannot be found. Please use a different account or sign up for a new account..\" is displayed",
      "time" : {
        "start" : 1620451264966,
        "stop" : 1620451265277,
        "duration" : 311
      },
      "status" : "failed",
      "statusMessage" : "AssertionError\n",
      "statusTrace" : "  File \"c:\\users\\bisai\\appdata\\local\\programs\\python\\python39\\lib\\site-packages\\behave\\model.py\", line 1329, in run\n    match.run(runner.context)\n  File \"c:\\users\\bisai\\appdata\\local\\programs\\python\\python39\\lib\\site-packages\\behave\\matchers.py\", line 98, in run\n    self.func(context, *args, **kwargs)\n  File \"C:\\Users\\bisai\\OneDrive - Kudelski Group\\Desktop\\Desktop\\Study\\4Selenium with Python(letskodeit)\\WebTestFrameworkBDD\\steps\\loginpagesteps\\loginpagesteps.py\", line 68, in userErrorMessage\n    context.ts.mark(\"userErrorMessage\", result, \"Error Message is Displayed\")\n  File \"C:\\Users\\bisai\\OneDrive - Kudelski Group\\Desktop\\Desktop\\Study\\4Selenium with Python(letskodeit)\\WebTestFrameworkBDD\\utilities\\teststatus.py\", line 68, in mark\n    assert True == False\n",
      "steps" : [ ],
      "attachments" : [ {
        "uid" : "95fe53ca3de323af",
        "name" : "screenshot",
        "source" : "95fe53ca3de323af.png",
        "type" : "image/png",
        "size" : 120975
      } ],
      "parameters" : [ ],
      "attachmentsCount" : 1,
      "shouldDisplayMessage" : true,
      "hasContent" : true,
      "stepsCount" : 0
    } ],
    "attachments" : [ ],
    "parameters" : [ ],
    "attachmentsCount" : 1,
    "shouldDisplayMessage" : false,
    "hasContent" : true,
    "stepsCount" : 7
  },
  "afterStages" : [ ],
  "labels" : [ {
    "name" : "severity",
    "value" : "normal"
  }, {
    "name" : "tag",
    "value" : "regression"
  }, {
    "name" : "feature",
    "value" : "LoginPage Validation"
  }, {
    "name" : "framework",
    "value" : "behave"
  }, {
    "name" : "language",
    "value" : "cpython3"
  }, {
    "name" : "resultFormat",
    "value" : "allure2"
  } ],
  "parameters" : [ {
    "name" : "email",
    "value" : "shankubisai5555@gmail.com"
  }, {
    "name" : "password",
    "value" : "shanku12345#"
  } ],
  "links" : [ ],
  "hidden" : true,
  "retry" : true,
  "extra" : {
    "categories" : [ ],
    "tags" : [ "regression" ]
  },
  "source" : "34b6a0670878940e.json",
  "parameterValues" : [ "shankubisai5555@gmail.com", "shanku12345#" ]
}