{
  "uid" : "a103d4397782d1d2",
  "name" : "Verify Login with Invalid Credentials -- @1.1 credentials",
  "fullName" : "LoginPage Validation: Verify Login with Invalid Credentials",
  "historyId" : "520ace4a85fda4d2d41e9599fab078c0",
  "time" : {
    "start" : 1620451221207,
    "stop" : 1620451243343,
    "duration" : 22136
  },
  "status" : "failed",
  "statusMessage" : "AssertionError\n",
  "statusTrace" : "  File \"c:\\users\\bisai\\appdata\\local\\programs\\python\\python39\\lib\\site-packages\\behave\\model.py\", line 1329, in run\n    match.run(runner.context)\n  File \"c:\\users\\bisai\\appdata\\local\\programs\\python\\python39\\lib\\site-packages\\behave\\matchers.py\", line 98, in run\n    self.func(context, *args, **kwargs)\n  File \"C:\\Users\\bisai\\OneDrive - Kudelski Group\\Desktop\\Desktop\\Study\\4Selenium with Python(letskodeit)\\WebTestFrameworkBDD\\steps\\loginpagesteps\\loginpagesteps.py\", line 68, in userErrorMessage\n    context.ts.mark(\"userErrorMessage\", result, \"Error Message is Displayed\")\n  File \"C:\\Users\\bisai\\OneDrive - Kudelski Group\\Desktop\\Desktop\\Study\\4Selenium with Python(letskodeit)\\WebTestFrameworkBDD\\utilities\\teststatus.py\", line 68, in mark\n    assert True == False\n",
  "flaky" : false,
  "newFailed" : false,
  "beforeStages" : [ ],
  "testStage" : {
    "status" : "failed",
    "statusMessage" : "AssertionError\n",
    "statusTrace" : "  File \"c:\\users\\bisai\\appdata\\local\\programs\\python\\python39\\lib\\site-packages\\behave\\model.py\", line 1329, in run\n    match.run(runner.context)\n  File \"c:\\users\\bisai\\appdata\\local\\programs\\python\\python39\\lib\\site-packages\\behave\\matchers.py\", line 98, in run\n    self.func(context, *args, **kwargs)\n  File \"C:\\Users\\bisai\\OneDrive - Kudelski Group\\Desktop\\Desktop\\Study\\4Selenium with Python(letskodeit)\\WebTestFrameworkBDD\\steps\\loginpagesteps\\loginpagesteps.py\", line 68, in userErrorMessage\n    context.ts.mark(\"userErrorMessage\", result, \"Error Message is Displayed\")\n  File \"C:\\Users\\bisai\\OneDrive - Kudelski Group\\Desktop\\Desktop\\Study\\4Selenium with Python(letskodeit)\\WebTestFrameworkBDD\\utilities\\teststatus.py\", line 68, in mark\n    assert True == False\n",
    "steps" : [ {
      "name" : "Given User is on HomePage",
      "time" : {
        "start" : 1620451226432,
        "stop" : 1620451226432,
        "duration" : 0
      },
      "status" : "passed",
      "steps" : [ ],
      "attachments" : [ ],
      "parameters" : [ ],
      "attachmentsCount" : 0,
      "shouldDisplayMessage" : false,
      "hasContent" : false,
      "stepsCount" : 0
    }, {
      "name" : "When User clicks on the Sign In link",
      "time" : {
        "start" : 1620451226432,
        "stop" : 1620451227593,
        "duration" : 1161
      },
      "status" : "passed",
      "steps" : [ ],
      "attachments" : [ ],
      "parameters" : [ ],
      "attachmentsCount" : 0,
      "shouldDisplayMessage" : false,
      "hasContent" : false,
      "stepsCount" : 0
    }, {
      "name" : "And User enters \"shankubisai4444@gmail.com\" as email",
      "time" : {
        "start" : 1620451227594,
        "stop" : 1620451227698,
        "duration" : 104
      },
      "status" : "passed",
      "steps" : [ ],
      "attachments" : [ ],
      "parameters" : [ ],
      "attachmentsCount" : 0,
      "shouldDisplayMessage" : false,
      "hasContent" : false,
      "stepsCount" : 0
    }, {
      "name" : "And User clicks Next Button",
      "time" : {
        "start" : 1620451227699,
        "stop" : 1620451227749,
        "duration" : 50
      },
      "status" : "passed",
      "steps" : [ ],
      "attachments" : [ ],
      "parameters" : [ ],
      "attachmentsCount" : 0,
      "shouldDisplayMessage" : false,
      "hasContent" : false,
      "stepsCount" : 0
    }, {
      "name" : "And User enters \"shanku12345#\" as password",
      "time" : {
        "start" : 1620451227750,
        "stop" : 1620451234901,
        "duration" : 7151
      },
      "status" : "passed",
      "steps" : [ ],
      "attachments" : [ ],
      "parameters" : [ ],
      "attachmentsCount" : 0,
      "shouldDisplayMessage" : false,
      "hasContent" : false,
      "stepsCount" : 0
    }, {
      "name" : "And User clicks Sign In Button",
      "time" : {
        "start" : 1620451234901,
        "stop" : 1620451242917,
        "duration" : 8016
      },
      "status" : "passed",
      "steps" : [ ],
      "attachments" : [ ],
      "parameters" : [ ],
      "attachmentsCount" : 0,
      "shouldDisplayMessage" : false,
      "hasContent" : false,
      "stepsCount" : 0
    }, {
      "name" : "Then error message \"This account cannot be found. Please use a different account or sign up for a new account..\" is displayed",
      "time" : {
        "start" : 1620451242917,
        "stop" : 1620451243200,
        "duration" : 283
      },
      "status" : "failed",
      "statusMessage" : "AssertionError\n",
      "statusTrace" : "  File \"c:\\users\\bisai\\appdata\\local\\programs\\python\\python39\\lib\\site-packages\\behave\\model.py\", line 1329, in run\n    match.run(runner.context)\n  File \"c:\\users\\bisai\\appdata\\local\\programs\\python\\python39\\lib\\site-packages\\behave\\matchers.py\", line 98, in run\n    self.func(context, *args, **kwargs)\n  File \"C:\\Users\\bisai\\OneDrive - Kudelski Group\\Desktop\\Desktop\\Study\\4Selenium with Python(letskodeit)\\WebTestFrameworkBDD\\steps\\loginpagesteps\\loginpagesteps.py\", line 68, in userErrorMessage\n    context.ts.mark(\"userErrorMessage\", result, \"Error Message is Displayed\")\n  File \"C:\\Users\\bisai\\OneDrive - Kudelski Group\\Desktop\\Desktop\\Study\\4Selenium with Python(letskodeit)\\WebTestFrameworkBDD\\utilities\\teststatus.py\", line 68, in mark\n    assert True == False\n",
      "steps" : [ ],
      "attachments" : [ {
        "uid" : "4e88407bfae7ecd6",
        "name" : "screenshot",
        "source" : "4e88407bfae7ecd6.png",
        "type" : "image/png",
        "size" : 120882
      } ],
      "parameters" : [ ],
      "attachmentsCount" : 1,
      "shouldDisplayMessage" : true,
      "hasContent" : true,
      "stepsCount" : 0
    } ],
    "attachments" : [ ],
    "parameters" : [ ],
    "attachmentsCount" : 1,
    "shouldDisplayMessage" : false,
    "hasContent" : true,
    "stepsCount" : 7
  },
  "afterStages" : [ ],
  "labels" : [ {
    "name" : "severity",
    "value" : "normal"
  }, {
    "name" : "tag",
    "value" : "regression"
  }, {
    "name" : "feature",
    "value" : "LoginPage Validation"
  }, {
    "name" : "framework",
    "value" : "behave"
  }, {
    "name" : "language",
    "value" : "cpython3"
  }, {
    "name" : "resultFormat",
    "value" : "allure2"
  } ],
  "parameters" : [ {
    "name" : "email",
    "value" : "shankubisai4444@gmail.com"
  }, {
    "name" : "password",
    "value" : "shanku12345#"
  } ],
  "links" : [ ],
  "hidden" : true,
  "retry" : true,
  "extra" : {
    "categories" : [ ],
    "tags" : [ "regression" ]
  },
  "source" : "a103d4397782d1d2.json",
  "parameterValues" : [ "shankubisai4444@gmail.com", "shanku12345#" ]
}